d:\shmily\340_rtk\rtk_cpp\rtk_cpp\rtk_cpp\release\vc141.pdb
d:\shmily\340_rtk\rtk_cpp\rtk_cpp\rtk_cpp\release\time_utility.obj
d:\shmily\340_rtk\rtk_cpp\rtk_cpp\rtk_cpp\release\rinex.obj
d:\shmily\340_rtk\rtk_cpp\rtk_cpp\rtk_cpp\release\receiver.obj
d:\shmily\340_rtk\rtk_cpp\rtk_cpp\rtk_cpp\release\obs_sat.obj
d:\shmily\340_rtk\rtk_cpp\rtk_cpp\rtk_cpp\release\math_utility.obj
d:\shmily\340_rtk\rtk_cpp\rtk_cpp\rtk_cpp\release\main.obj
d:\shmily\340_rtk\rtk_cpp\rtk_cpp\rtk_cpp\release\ephemeris.obj
d:\shmily\340_rtk\rtk_cpp\rtk_cpp\rtk_cpp\release\earth_utility.obj
d:\shmily\340_rtk\rtk_cpp\rtk_cpp\release\rtk_cpp.exe
d:\shmily\340_rtk\rtk_cpp\rtk_cpp\release\rtk_cpp.pdb
d:\shmily\340_rtk\rtk_cpp\rtk_cpp\release\rtk_cpp.ipdb
d:\shmily\340_rtk\rtk_cpp\rtk_cpp\release\rtk_cpp.iobj
d:\shmily\340_rtk\rtk_cpp\rtk_cpp\rtk_cpp\release\rtk_cpp.tlog\cl.command.1.tlog
d:\shmily\340_rtk\rtk_cpp\rtk_cpp\rtk_cpp\release\rtk_cpp.tlog\cl.read.1.tlog
d:\shmily\340_rtk\rtk_cpp\rtk_cpp\rtk_cpp\release\rtk_cpp.tlog\cl.write.1.tlog
d:\shmily\340_rtk\rtk_cpp\rtk_cpp\rtk_cpp\release\rtk_cpp.tlog\link.command.1.tlog
d:\shmily\340_rtk\rtk_cpp\rtk_cpp\rtk_cpp\release\rtk_cpp.tlog\link.read.1.tlog
d:\shmily\340_rtk\rtk_cpp\rtk_cpp\rtk_cpp\release\rtk_cpp.tlog\link.write.1.tlog
d:\shmily\340_rtk\rtk_cpp\rtk_cpp\rtk_cpp\release\rtk_cpp.tlog\rtk_cpp.write.1u.tlog
